[ 2017-06-22T17:47:43+08:00 ] 127.0.0.1 /
INFO: [ app_init ] --START--
INFO: Run Behavior\BuildLiteBehavior [ RunTime:0.000000s ]
INFO: [ app_init ] --END-- [ RunTime:0.002000s ]
INFO: [ app_begin ] --START--
INFO: Run Behavior\ReadHtmlCacheBehavior [ RunTime:0.002000s ]
INFO: [ app_begin ] --END-- [ RunTime:0.003000s ]
INFO: [ view_parse ] --START--
INFO: [ template_filter ] --START--
INFO: Run Behavior\ContentReplaceBehavior [ RunTime:0.001000s ]
INFO: [ template_filter ] --END-- [ RunTime:0.002000s ]
INFO: Run Behavior\ParseTemplateBehavior [ RunTime:0.028001s ]
INFO: [ view_parse ] --END-- [ RunTime:0.028001s ]
INFO: [ view_filter ] --START--
INFO: Run Behavior\WriteHtmlCacheBehavior [ RunTime:0.001000s ]
INFO: [ view_filter ] --END-- [ RunTime:0.002000s ]
INFO: [ app_end ] --START--
INFO: Run Behavior\ShowPageTraceBehavior [ RunTime:0.005001s ]
INFO: [ app_end ] --END-- [ RunTime:0.005001s ]

[ 2017-06-22T17:47:45+08:00 ] 127.0.0.1 /index.php/Home/DataCat/index.html
INFO: [ app_init ] --START--
INFO: Run Behavior\BuildLiteBehavior [ RunTime:0.000000s ]
INFO: [ app_init ] --END-- [ RunTime:0.002000s ]
INFO: [ app_begin ] --START--
INFO: Run Behavior\ReadHtmlCacheBehavior [ RunTime:0.002000s ]
INFO: [ app_begin ] --END-- [ RunTime:0.002000s ]
SQL: SHOW COLUMNS FROM `tol_lm` [ RunTime:0.0190s ]
SQL: SELECT * FROM `tol_lm` WHERE `fid` = 0 ORDER BY px  [ RunTime:0.0020s ]
INFO: [ view_parse ] --START--
INFO: [ template_filter ] --START--
INFO: Run Behavior\ContentReplaceBehavior [ RunTime:0.001000s ]
INFO: [ template_filter ] --END-- [ RunTime:0.002000s ]
SQL: SHOW COLUMNS FROM `tol_lm` [ RunTime:0.0070s ]
SQL: SELECT * FROM `tol_lm` WHERE `fid` = 23 ORDER BY px  [ RunTime:0.0010s ]
SQL: SELECT * FROM `tol_lm` WHERE `fid` = 24 ORDER BY px  [ RunTime:0.0010s ]
SQL: SELECT * FROM `tol_lm` WHERE `fid` = 25 ORDER BY px  [ RunTime:0.0010s ]
SQL: SELECT * FROM `tol_lm` WHERE `fid` = 26 ORDER BY px  [ RunTime:0.0030s ]
SQL: SELECT * FROM `tol_lm` WHERE `fid` = 27 ORDER BY px  [ RunTime:0.0010s ]
INFO: Run Behavior\ParseTemplateBehavior [ RunTime:0.073004s ]
INFO: [ view_parse ] --END-- [ RunTime:0.073004s ]
INFO: [ view_filter ] --START--
INFO: Run Behavior\WriteHtmlCacheBehavior [ RunTime:0.002000s ]
INFO: [ view_filter ] --END-- [ RunTime:0.002000s ]
INFO: [ app_end ] --START--
INFO: Run Behavior\ShowPageTraceBehavior [ RunTime:0.001000s ]
INFO: [ app_end ] --END-- [ RunTime:0.003000s ]

[ 2017-06-22T17:47:47+08:00 ] 127.0.0.1 /index.php/Home/DataCat/update/id/33.html
INFO: [ app_init ] --START--
INFO: Run Behavior\BuildLiteBehavior [ RunTime:0.000000s ]
INFO: [ app_init ] --END-- [ RunTime:0.001000s ]
INFO: [ app_begin ] --START--
INFO: Run Behavior\ReadHtmlCacheBehavior [ RunTime:0.001000s ]
INFO: [ app_begin ] --END-- [ RunTime:0.002000s ]
SQL: SHOW COLUMNS FROM `tol_lm` [ RunTime:0.0070s ]
SQL: SELECT * FROM `tol_lm` WHERE `fid` = 0  [ RunTime:0.0010s ]
SQL: SELECT * FROM `tol_lm` WHERE `id_lm` = 33 LIMIT 1   [ RunTime:0.0010s ]
INFO: [ view_parse ] --START--
INFO: [ template_filter ] --START--
INFO: Run Behavior\ContentReplaceBehavior [ RunTime:0.000000s ]
INFO: [ template_filter ] --END-- [ RunTime:0.001000s ]
SQL: SHOW COLUMNS FROM `tol_lm` [ RunTime:0.0070s ]
SQL: SELECT * FROM `tol_lm` WHERE `fid` = 23 ORDER BY px  [ RunTime:0.0010s ]
SQL: SELECT * FROM `tol_lm` WHERE `fid` = 24 ORDER BY px  [ RunTime:0.0010s ]
SQL: SELECT * FROM `tol_lm` WHERE `fid` = 25 ORDER BY px  [ RunTime:0.0010s ]
SQL: SELECT * FROM `tol_lm` WHERE `fid` = 26 ORDER BY px  [ RunTime:0.0010s ]
SQL: SELECT * FROM `tol_lm` WHERE `fid` = 27 ORDER BY px  [ RunTime:0.0010s ]
INFO: Run Behavior\ParseTemplateBehavior [ RunTime:0.054004s ]
INFO: [ view_parse ] --END-- [ RunTime:0.055004s ]
INFO: [ view_filter ] --START--
INFO: Run Behavior\WriteHtmlCacheBehavior [ RunTime:0.001000s ]
INFO: [ view_filter ] --END-- [ RunTime:0.002000s ]
INFO: [ app_end ] --START--
INFO: Run Behavior\ShowPageTraceBehavior [ RunTime:0.002000s ]
INFO: [ app_end ] --END-- [ RunTime:0.002000s ]

[ 2017-06-22T17:49:16+08:00 ] 127.0.0.1 /
INFO: [ app_init ] --START--
INFO: Run Behavior\BuildLiteBehavior [ RunTime:0.000000s ]
INFO: [ app_init ] --END-- [ RunTime:0.002000s ]
INFO: [ app_begin ] --START--
INFO: Run Behavior\ReadHtmlCacheBehavior [ RunTime:0.002000s ]
INFO: [ app_begin ] --END-- [ RunTime:0.002000s ]
INFO: [ view_parse ] --START--
INFO: [ template_filter ] --START--
INFO: Run Behavior\ContentReplaceBehavior [ RunTime:0.001000s ]
INFO: [ template_filter ] --END-- [ RunTime:0.001000s ]
INFO: Run Behavior\ParseTemplateBehavior [ RunTime:0.024001s ]
INFO: [ view_parse ] --END-- [ RunTime:0.025002s ]
INFO: [ view_filter ] --START--
INFO: Run Behavior\WriteHtmlCacheBehavior [ RunTime:0.001000s ]
INFO: [ view_filter ] --END-- [ RunTime:0.002000s ]
INFO: [ app_end ] --START--
INFO: Run Behavior\ShowPageTraceBehavior [ RunTime:0.003000s ]
INFO: [ app_end ] --END-- [ RunTime:0.003000s ]

[ 2017-06-22T17:49:18+08:00 ] 127.0.0.1 /index.php/Home/DataCat/index.html
INFO: [ app_init ] --START--
INFO: Run Behavior\BuildLiteBehavior [ RunTime:0.000000s ]
INFO: [ app_init ] --END-- [ RunTime:0.001000s ]
INFO: [ app_begin ] --START--
INFO: Run Behavior\ReadHtmlCacheBehavior [ RunTime:0.002000s ]
INFO: [ app_begin ] --END-- [ RunTime:0.003000s ]
SQL: SHOW COLUMNS FROM `tol_lm` [ RunTime:0.0080s ]
SQL: SELECT * FROM `tol_lm` WHERE `fid` = 0 ORDER BY px  [ RunTime:0.0020s ]
INFO: [ view_parse ] --START--
INFO: [ template_filter ] --START--
INFO: Run Behavior\ContentReplaceBehavior [ RunTime:0.000000s ]
INFO: [ template_filter ] --END-- [ RunTime:0.001000s ]
SQL: SHOW COLUMNS FROM `tol_lm` [ RunTime:0.0080s ]
SQL: SELECT * FROM `tol_lm` WHERE `fid` = 23 ORDER BY px  [ RunTime:0.0010s ]
SQL: SELECT * FROM `tol_lm` WHERE `fid` = 24 ORDER BY px  [ RunTime:0.0010s ]
SQL: SELECT * FROM `tol_lm` WHERE `fid` = 25 ORDER BY px  [ RunTime:0.0010s ]
SQL: SELECT * FROM `tol_lm` WHERE `fid` = 26 ORDER BY px  [ RunTime:0.0010s ]
SQL: SELECT * FROM `tol_lm` WHERE `fid` = 27 ORDER BY px  [ RunTime:0.0010s ]
INFO: Run Behavior\ParseTemplateBehavior [ RunTime:0.066003s ]
INFO: [ view_parse ] --END-- [ RunTime:0.066003s ]
INFO: [ view_filter ] --START--
INFO: Run Behavior\WriteHtmlCacheBehavior [ RunTime:0.001001s ]
INFO: [ view_filter ] --END-- [ RunTime:0.002001s ]
INFO: [ app_end ] --START--
INFO: Run Behavior\ShowPageTraceBehavior [ RunTime:0.002000s ]
INFO: [ app_end ] --END-- [ RunTime:0.002000s ]

[ 2017-06-22T17:49:20+08:00 ] 127.0.0.1 /index.php/Home/DataCat/update/id/28.html
INFO: [ app_init ] --START--
INFO: Run Behavior\BuildLiteBehavior [ RunTime:0.000000s ]
INFO: [ app_init ] --END-- [ RunTime:0.002000s ]
INFO: [ app_begin ] --START--
INFO: Run Behavior\ReadHtmlCacheBehavior [ RunTime:0.003000s ]
INFO: [ app_begin ] --END-- [ RunTime:0.005000s ]
SQL: SHOW COLUMNS FROM `tol_lm` [ RunTime:0.0080s ]
SQL: SELECT * FROM `tol_lm` WHERE `fid` = 0  [ RunTime:0.0010s ]
SQL: SELECT * FROM `tol_lm` WHERE `id_lm` = 28 LIMIT 1   [ RunTime:0.0000s ]
INFO: [ view_parse ] --START--
INFO: [ template_filter ] --START--
INFO: Run Behavior\ContentReplaceBehavior [ RunTime:0.001000s ]
INFO: [ template_filter ] --END-- [ RunTime:0.001000s ]
SQL: SHOW COLUMNS FROM `tol_lm` [ RunTime:0.0080s ]
SQL: SELECT * FROM `tol_lm` WHERE `fid` = 23 ORDER BY px  [ RunTime:0.0020s ]
SQL: SELECT * FROM `tol_lm` WHERE `fid` = 24 ORDER BY px  [ RunTime:0.0010s ]
SQL: SELECT * FROM `tol_lm` WHERE `fid` = 25 ORDER BY px  [ RunTime:0.0000s ]
SQL: SELECT * FROM `tol_lm` WHERE `fid` = 26 ORDER BY px  [ RunTime:0.0000s ]
SQL: SELECT * FROM `tol_lm` WHERE `fid` = 27 ORDER BY px  [ RunTime:0.0010s ]
INFO: Run Behavior\ParseTemplateBehavior [ RunTime:0.051003s ]
INFO: [ view_parse ] --END-- [ RunTime:0.051003s ]
INFO: [ view_filter ] --START--
INFO: Run Behavior\WriteHtmlCacheBehavior [ RunTime:0.002000s ]
INFO: [ view_filter ] --END-- [ RunTime:0.002000s ]
INFO: [ app_end ] --START--
INFO: Run Behavior\ShowPageTraceBehavior [ RunTime:0.002000s ]
INFO: [ app_end ] --END-- [ RunTime:0.002000s ]

[ 2017-06-22T17:49:27+08:00 ] 127.0.0.1 /index.php/Home/DataCat/update/id/28.html
INFO: [ app_init ] --START--
INFO: Run Behavior\BuildLiteBehavior [ RunTime:0.001000s ]
INFO: [ app_init ] --END-- [ RunTime:0.002000s ]
INFO: [ app_begin ] --START--
INFO: Run Behavior\ReadHtmlCacheBehavior [ RunTime:0.002000s ]
INFO: [ app_begin ] --END-- [ RunTime:0.002000s ]
SQL: SHOW COLUMNS FROM `tol_lm` [ RunTime:0.0080s ]
NOTIC: [8] Undefined index: validate E:\wamp\www\thinkphp3.2\ThinkPHP\Library\Think\Model.class.php 第 1185 行.
NOTIC: [8] Undefined index: auto E:\wamp\www\thinkphp3.2\ThinkPHP\Library\Think\Model.class.php 第 1128 行.
NOTIC: [2] Missing argument 1 for I(), called in E:\wamp\www\thinkphp3.2\Application\Home\Controller\DataCatController.class.php on line 55 and defined E:\wamp\www\thinkphp3.2\ThinkPHP\Common\functions.php 第 271 行.
NOTIC: [8] Undefined variable: name E:\wamp\www\thinkphp3.2\ThinkPHP\Common\functions.php 第 273 行.
NOTIC: [8] Undefined variable: name E:\wamp\www\thinkphp3.2\ThinkPHP\Common\functions.php 第 278 行.
NOTIC: [8] Undefined variable: name E:\wamp\www\thinkphp3.2\ThinkPHP\Common\functions.php 第 339 行.
SQL: UPDATE `tol_lm` SET `fid`='28',`title_lm`='分类',`px`='100' WHERE `id_lm` = 28 [ RunTime:0.0010s ]
INFO: [ view_parse ] --START--
INFO: [ template_filter ] --START--
INFO: Run Behavior\ContentReplaceBehavior [ RunTime:0.000000s ]
INFO: [ template_filter ] --END-- [ RunTime:0.001000s ]
INFO: Run Behavior\ParseTemplateBehavior [ RunTime:0.020001s ]
INFO: [ view_parse ] --END-- [ RunTime:0.021001s ]
INFO: [ view_filter ] --START--
INFO: Run Behavior\WriteHtmlCacheBehavior [ RunTime:0.002000s ]
INFO: [ view_filter ] --END-- [ RunTime:0.002000s ]
INFO: [ app_end ] --START--
INFO: Run Behavior\ShowPageTraceBehavior [ RunTime:0.001000s ]
INFO: [ app_end ] --END-- [ RunTime:0.002000s ]

[ 2017-06-22T17:49:28+08:00 ] 127.0.0.1 /index.php/Home/DataCat/index.html
INFO: [ app_init ] --START--
INFO: Run Behavior\BuildLiteBehavior [ RunTime:0.000000s ]
INFO: [ app_init ] --END-- [ RunTime:0.002000s ]
INFO: [ app_begin ] --START--
INFO: Run Behavior\ReadHtmlCacheBehavior [ RunTime:0.002001s ]
INFO: [ app_begin ] --END-- [ RunTime:0.002001s ]
SQL: SHOW COLUMNS FROM `tol_lm` [ RunTime:0.0080s ]
SQL: SELECT * FROM `tol_lm` WHERE `fid` = 0 ORDER BY px  [ RunTime:0.0010s ]
INFO: [ view_parse ] --START--
INFO: [ template_filter ] --START--
INFO: Run Behavior\ContentReplaceBehavior [ RunTime:0.000000s ]
INFO: [ template_filter ] --END-- [ RunTime:0.001000s ]
SQL: SHOW COLUMNS FROM `tol_lm` [ RunTime:0.0090s ]
SQL: SELECT * FROM `tol_lm` WHERE `fid` = 23 ORDER BY px  [ RunTime:0.0010s ]
SQL: SELECT * FROM `tol_lm` WHERE `fid` = 24 ORDER BY px  [ RunTime:0.0010s ]
SQL: SELECT * FROM `tol_lm` WHERE `fid` = 25 ORDER BY px  [ RunTime:0.0010s ]
SQL: SELECT * FROM `tol_lm` WHERE `fid` = 26 ORDER BY px  [ RunTime:0.0000s ]
SQL: SELECT * FROM `tol_lm` WHERE `fid` = 27 ORDER BY px  [ RunTime:0.0010s ]
INFO: Run Behavior\ParseTemplateBehavior [ RunTime:0.060003s ]
INFO: [ view_parse ] --END-- [ RunTime:0.060003s ]
INFO: [ view_filter ] --START--
INFO: Run Behavior\WriteHtmlCacheBehavior [ RunTime:0.001000s ]
INFO: [ view_filter ] --END-- [ RunTime:0.002000s ]
INFO: [ app_end ] --START--
INFO: Run Behavior\ShowPageTraceBehavior [ RunTime:0.001000s ]
INFO: [ app_end ] --END-- [ RunTime:0.002000s ]

[ 2017-06-22T17:53:57+08:00 ] 127.0.0.1 /
INFO: [ app_init ] --START--
INFO: Run Behavior\BuildLiteBehavior [ RunTime:0.000000s ]
INFO: [ app_init ] --END-- [ RunTime:0.001000s ]
INFO: [ app_begin ] --START--
INFO: Run Behavior\ReadHtmlCacheBehavior [ RunTime:0.005000s ]
INFO: [ app_begin ] --END-- [ RunTime:0.006000s ]
INFO: [ view_parse ] --START--
INFO: [ template_filter ] --START--
INFO: Run Behavior\ContentReplaceBehavior [ RunTime:0.000000s ]
INFO: [ template_filter ] --END-- [ RunTime:0.000000s ]
INFO: Run Behavior\ParseTemplateBehavior [ RunTime:0.023001s ]
INFO: [ view_parse ] --END-- [ RunTime:0.024001s ]
INFO: [ view_filter ] --START--
INFO: Run Behavior\WriteHtmlCacheBehavior [ RunTime:0.001000s ]
INFO: [ view_filter ] --END-- [ RunTime:0.003000s ]
INFO: [ app_end ] --START--
INFO: Run Behavior\ShowPageTraceBehavior [ RunTime:0.002000s ]
INFO: [ app_end ] --END-- [ RunTime:0.002000s ]

[ 2017-06-22T17:53:59+08:00 ] 127.0.0.1 /index.php/Home/DataCat/index.html
INFO: [ app_init ] --START--
INFO: Run Behavior\BuildLiteBehavior [ RunTime:0.000000s ]
INFO: [ app_init ] --END-- [ RunTime:0.001000s ]
INFO: [ app_begin ] --START--
INFO: Run Behavior\ReadHtmlCacheBehavior [ RunTime:0.002000s ]
INFO: [ app_begin ] --END-- [ RunTime:0.002000s ]
SQL: SHOW COLUMNS FROM `tol_lm` [ RunTime:0.0070s ]
SQL: SELECT * FROM `tol_lm` WHERE `fid` = 0 ORDER BY px  [ RunTime:0.0010s ]
INFO: [ view_parse ] --START--
INFO: [ template_filter ] --START--
INFO: Run Behavior\ContentReplaceBehavior [ RunTime:0.000000s ]
INFO: [ template_filter ] --END-- [ RunTime:0.001000s ]
SQL: SHOW COLUMNS FROM `tol_lm` [ RunTime:0.0100s ]
SQL: SELECT * FROM `tol_lm` WHERE `fid` = 23 ORDER BY px  [ RunTime:0.0020s ]
SQL: SELECT * FROM `tol_lm` WHERE `fid` = 24 ORDER BY px  [ RunTime:0.0010s ]
SQL: SELECT * FROM `tol_lm` WHERE `fid` = 25 ORDER BY px  [ RunTime:0.0020s ]
SQL: SELECT * FROM `tol_lm` WHERE `fid` = 26 ORDER BY px  [ RunTime:0.0010s ]
SQL: SELECT * FROM `tol_lm` WHERE `fid` = 27 ORDER BY px  [ RunTime:0.0000s ]
INFO: Run Behavior\ParseTemplateBehavior [ RunTime:0.065004s ]
INFO: [ view_parse ] --END-- [ RunTime:0.066004s ]
INFO: [ view_filter ] --START--
INFO: Run Behavior\WriteHtmlCacheBehavior [ RunTime:0.001000s ]
INFO: [ view_filter ] --END-- [ RunTime:0.001000s ]
INFO: [ app_end ] --START--
INFO: Run Behavior\ShowPageTraceBehavior [ RunTime:0.002000s ]
INFO: [ app_end ] --END-- [ RunTime:0.002000s ]

[ 2017-06-22T17:54:09+08:00 ] 127.0.0.1 /index.php/Home/DataCat/index.html
INFO: [ app_init ] --START--
INFO: Run Behavior\BuildLiteBehavior [ RunTime:0.000000s ]
INFO: [ app_init ] --END-- [ RunTime:0.001000s ]
INFO: [ app_begin ] --START--
INFO: Run Behavior\ReadHtmlCacheBehavior [ RunTime:0.001000s ]
INFO: [ app_begin ] --END-- [ RunTime:0.002000s ]
SQL: SHOW COLUMNS FROM `tol_lm` [ RunTime:0.0070s ]
SQL: SELECT * FROM `tol_lm` WHERE `fid` = 0 ORDER BY px  [ RunTime:0.0010s ]
INFO: [ view_parse ] --START--
INFO: [ template_filter ] --START--
INFO: Run Behavior\ContentReplaceBehavior [ RunTime:0.001000s ]
INFO: [ template_filter ] --END-- [ RunTime:0.001000s ]
SQL: SHOW COLUMNS FROM `tol_lm` [ RunTime:0.0070s ]
SQL: SELECT * FROM `tol_lm` WHERE `fid` = 23 ORDER BY px  [ RunTime:0.0020s ]
SQL: SELECT * FROM `tol_lm` WHERE `fid` = 24 ORDER BY px  [ RunTime:0.0010s ]
SQL: SELECT * FROM `tol_lm` WHERE `fid` = 25 ORDER BY px  [ RunTime:0.0010s ]
SQL: SELECT * FROM `tol_lm` WHERE `fid` = 26 ORDER BY px  [ RunTime:0.0000s ]
SQL: SELECT * FROM `tol_lm` WHERE `fid` = 27 ORDER BY px  [ RunTime:0.0010s ]
INFO: Run Behavior\ParseTemplateBehavior [ RunTime:0.064004s ]
INFO: [ view_parse ] --END-- [ RunTime:0.065004s ]
INFO: [ view_filter ] --START--
INFO: Run Behavior\WriteHtmlCacheBehavior [ RunTime:0.001000s ]
INFO: [ view_filter ] --END-- [ RunTime:0.001000s ]
INFO: [ app_end ] --START--
INFO: Run Behavior\ShowPageTraceBehavior [ RunTime:0.002000s ]
INFO: [ app_end ] --END-- [ RunTime:0.002000s ]

[ 2017-06-22T17:55:54+08:00 ] 127.0.0.1 /index.php/Home/DataCat/update/id/33.html
INFO: [ app_init ] --START--
INFO: Run Behavior\BuildLiteBehavior [ RunTime:0.000000s ]
INFO: [ app_init ] --END-- [ RunTime:0.002000s ]
INFO: [ app_begin ] --START--
INFO: Run Behavior\ReadHtmlCacheBehavior [ RunTime:0.002000s ]
INFO: [ app_begin ] --END-- [ RunTime:0.002000s ]
SQL: SHOW COLUMNS FROM `tol_lm` [ RunTime:0.0080s ]
SQL: SELECT * FROM `tol_lm` WHERE `fid` = 0  [ RunTime:0.0010s ]
SQL: SELECT * FROM `tol_lm` WHERE `id_lm` = 33 LIMIT 1   [ RunTime:0.0000s ]
INFO: [ view_parse ] --START--
INFO: [ template_filter ] --START--
INFO: Run Behavior\ContentReplaceBehavior [ RunTime:0.000000s ]
INFO: [ template_filter ] --END-- [ RunTime:0.001001s ]
SQL: SHOW COLUMNS FROM `tol_lm` [ RunTime:0.0070s ]
SQL: SELECT * FROM `tol_lm` WHERE `fid` = 23 ORDER BY px  [ RunTime:0.0010s ]
SQL: SELECT * FROM `tol_lm` WHERE `fid` = 24 ORDER BY px  [ RunTime:0.0010s ]
SQL: SELECT * FROM `tol_lm` WHERE `fid` = 25 ORDER BY px  [ RunTime:0.0010s ]
SQL: SELECT * FROM `tol_lm` WHERE `fid` = 26 ORDER BY px  [ RunTime:0.0010s ]
SQL: SELECT * FROM `tol_lm` WHERE `fid` = 27 ORDER BY px  [ RunTime:0.0010s ]
INFO: Run Behavior\ParseTemplateBehavior [ RunTime:0.052003s ]
INFO: [ view_parse ] --END-- [ RunTime:0.052003s ]
INFO: [ view_filter ] --START--
INFO: Run Behavior\WriteHtmlCacheBehavior [ RunTime:0.001000s ]
INFO: [ view_filter ] --END-- [ RunTime:0.001000s ]
INFO: [ app_end ] --START--
INFO: Run Behavior\ShowPageTraceBehavior [ RunTime:0.001000s ]
INFO: [ app_end ] --END-- [ RunTime:0.002000s ]

[ 2017-06-22T18:00:20+08:00 ] 127.0.0.1 /index.php/Home/DataCat/index.html
INFO: [ app_init ] --START--
INFO: Run Behavior\BuildLiteBehavior [ RunTime:0.000000s ]
INFO: [ app_init ] --END-- [ RunTime:0.002000s ]
INFO: [ app_begin ] --START--
INFO: Run Behavior\ReadHtmlCacheBehavior [ RunTime:0.002001s ]
INFO: [ app_begin ] --END-- [ RunTime:0.002001s ]
SQL: SHOW COLUMNS FROM `tol_lm` [ RunTime:0.0070s ]
SQL: SELECT * FROM `tol_lm` WHERE `fid` = 0 ORDER BY px  [ RunTime:0.0010s ]
INFO: [ view_parse ] --START--
INFO: [ template_filter ] --START--
INFO: Run Behavior\ContentReplaceBehavior [ RunTime:0.000000s ]
INFO: [ template_filter ] --END-- [ RunTime:0.000000s ]
SQL: SHOW COLUMNS FROM `tol_lm` [ RunTime:0.0060s ]
SQL: SELECT * FROM `tol_lm` WHERE `fid` = 23 ORDER BY px  [ RunTime:0.0010s ]
SQL: SELECT * FROM `tol_lm` WHERE `fid` = 24 ORDER BY px  [ RunTime:0.0010s ]
SQL: SELECT * FROM `tol_lm` WHERE `fid` = 25 ORDER BY px  [ RunTime:0.0000s ]
SQL: SELECT * FROM `tol_lm` WHERE `fid` = 26 ORDER BY px  [ RunTime:0.0010s ]
SQL: SELECT * FROM `tol_lm` WHERE `fid` = 27 ORDER BY px  [ RunTime:0.0010s ]
INFO: Run Behavior\ParseTemplateBehavior [ RunTime:0.057003s ]
INFO: [ view_parse ] --END-- [ RunTime:0.059003s ]
INFO: [ view_filter ] --START--
INFO: Run Behavior\WriteHtmlCacheBehavior [ RunTime:0.001000s ]
INFO: [ view_filter ] --END-- [ RunTime:0.002000s ]
INFO: [ app_end ] --START--
INFO: Run Behavior\ShowPageTraceBehavior [ RunTime:0.002000s ]
INFO: [ app_end ] --END-- [ RunTime:0.002000s ]

[ 2017-06-22T18:00:22+08:00 ] 127.0.0.1 /index.php/Home/DataCat/update/id/33.html
INFO: [ app_init ] --START--
INFO: Run Behavior\BuildLiteBehavior [ RunTime:0.000000s ]
INFO: [ app_init ] --END-- [ RunTime:0.001000s ]
INFO: [ app_begin ] --START--
INFO: Run Behavior\ReadHtmlCacheBehavior [ RunTime:0.001000s ]
INFO: [ app_begin ] --END-- [ RunTime:0.002000s ]
SQL: SHOW COLUMNS FROM `tol_lm` [ RunTime:0.0070s ]
SQL: SELECT * FROM `tol_lm` WHERE `fid` = 0  [ RunTime:0.0010s ]
SQL: SELECT * FROM `tol_lm` WHERE `id_lm` = 33 LIMIT 1   [ RunTime:0.0020s ]
INFO: [ view_parse ] --START--
INFO: [ template_filter ] --START--
INFO: Run Behavior\ContentReplaceBehavior [ RunTime:0.001000s ]
INFO: [ template_filter ] --END-- [ RunTime:0.001000s ]
SQL: SHOW COLUMNS FROM `tol_lm` [ RunTime:0.0080s ]
SQL: SELECT * FROM `tol_lm` WHERE `fid` = 23 ORDER BY px  [ RunTime:0.0000s ]
SQL: SELECT * FROM `tol_lm` WHERE `fid` = 24 ORDER BY px  [ RunTime:0.0010s ]
SQL: SELECT * FROM `tol_lm` WHERE `fid` = 25 ORDER BY px  [ RunTime:0.0010s ]
SQL: SELECT * FROM `tol_lm` WHERE `fid` = 26 ORDER BY px  [ RunTime:0.0010s ]
SQL: SELECT * FROM `tol_lm` WHERE `fid` = 27 ORDER BY px  [ RunTime:0.0010s ]
INFO: Run Behavior\ParseTemplateBehavior [ RunTime:0.054003s ]
INFO: [ view_parse ] --END-- [ RunTime:0.056003s ]
INFO: [ view_filter ] --START--
INFO: Run Behavior\WriteHtmlCacheBehavior [ RunTime:0.001000s ]
INFO: [ view_filter ] --END-- [ RunTime:0.002000s ]
INFO: [ app_end ] --START--
INFO: Run Behavior\ShowPageTraceBehavior [ RunTime:0.002001s ]
INFO: [ app_end ] --END-- [ RunTime:0.002001s ]

[ 2017-06-22T18:00:29+08:00 ] 127.0.0.1 /index.php/Home/DataCat/update.html
INFO: [ app_init ] --START--
INFO: Run Behavior\BuildLiteBehavior [ RunTime:0.000000s ]
INFO: [ app_init ] --END-- [ RunTime:0.002000s ]
INFO: [ app_begin ] --START--
INFO: Run Behavior\ReadHtmlCacheBehavior [ RunTime:0.002000s ]
INFO: [ app_begin ] --END-- [ RunTime:0.002000s ]
SQL: SHOW COLUMNS FROM `tol_lm` [ RunTime:0.0090s ]
NOTIC: [8] Undefined index: validate E:\wamp\www\thinkphp3.2\ThinkPHP\Library\Think\Model.class.php 第 1185 行.
NOTIC: [8] Undefined index: auto E:\wamp\www\thinkphp3.2\ThinkPHP\Library\Think\Model.class.php 第 1128 行.
SQL: UPDATE `tol_lm` SET `fid`='23',`title_lm`='公司简介11',`px`='100' WHERE `id_lm` = 33 [ RunTime:0.0020s ]
INFO: [ view_parse ] --START--
INFO: [ template_filter ] --START--
INFO: Run Behavior\ContentReplaceBehavior [ RunTime:0.000000s ]
INFO: [ template_filter ] --END-- [ RunTime:0.001000s ]
INFO: Run Behavior\ParseTemplateBehavior [ RunTime:0.019001s ]
INFO: [ view_parse ] --END-- [ RunTime:0.020001s ]
INFO: [ view_filter ] --START--
INFO: Run Behavior\WriteHtmlCacheBehavior [ RunTime:0.002001s ]
INFO: [ view_filter ] --END-- [ RunTime:0.003001s ]
INFO: [ app_end ] --START--
INFO: Run Behavior\ShowPageTraceBehavior [ RunTime:0.003000s ]
INFO: [ app_end ] --END-- [ RunTime:0.003000s ]

[ 2017-06-22T18:00:30+08:00 ] 127.0.0.1 /index.php/Home/DataCat/index.html
INFO: [ app_init ] --START--
INFO: Run Behavior\BuildLiteBehavior [ RunTime:0.000000s ]
INFO: [ app_init ] --END-- [ RunTime:0.002000s ]
INFO: [ app_begin ] --START--
INFO: Run Behavior\ReadHtmlCacheBehavior [ RunTime:0.002000s ]
INFO: [ app_begin ] --END-- [ RunTime:0.002000s ]
SQL: SHOW COLUMNS FROM `tol_lm` [ RunTime:0.0080s ]
SQL: SELECT * FROM `tol_lm` WHERE `fid` = 0 ORDER BY px  [ RunTime:0.0020s ]
INFO: [ view_parse ] --START--
INFO: [ template_filter ] --START--
INFO: Run Behavior\ContentReplaceBehavior [ RunTime:0.000000s ]
INFO: [ template_filter ] --END-- [ RunTime:0.001000s ]
SQL: SHOW COLUMNS FROM `tol_lm` [ RunTime:0.0080s ]
SQL: SELECT * FROM `tol_lm` WHERE `fid` = 23 ORDER BY px  [ RunTime:0.0010s ]
SQL: SELECT * FROM `tol_lm` WHERE `fid` = 24 ORDER BY px  [ RunTime:0.0010s ]
SQL: SELECT * FROM `tol_lm` WHERE `fid` = 25 ORDER BY px  [ RunTime:0.0010s ]
SQL: SELECT * FROM `tol_lm` WHERE `fid` = 26 ORDER BY px  [ RunTime:0.0010s ]
SQL: SELECT * FROM `tol_lm` WHERE `fid` = 27 ORDER BY px  [ RunTime:0.0010s ]
INFO: Run Behavior\ParseTemplateBehavior [ RunTime:0.065004s ]
INFO: [ view_parse ] --END-- [ RunTime:0.065004s ]
INFO: [ view_filter ] --START--
INFO: Run Behavior\WriteHtmlCacheBehavior [ RunTime:0.001000s ]
INFO: [ view_filter ] --END-- [ RunTime:0.002000s ]
INFO: [ app_end ] --START--
INFO: Run Behavior\ShowPageTraceBehavior [ RunTime:0.001000s ]
INFO: [ app_end ] --END-- [ RunTime:0.001000s ]

[ 2017-06-22T18:00:36+08:00 ] 127.0.0.1 /index.php/Home/DataCat/update/id/33.html
INFO: [ app_init ] --START--
INFO: Run Behavior\BuildLiteBehavior [ RunTime:0.000000s ]
INFO: [ app_init ] --END-- [ RunTime:0.001000s ]
INFO: [ app_begin ] --START--
INFO: Run Behavior\ReadHtmlCacheBehavior [ RunTime:0.001000s ]
INFO: [ app_begin ] --END-- [ RunTime:0.002000s ]
SQL: SHOW COLUMNS FROM `tol_lm` [ RunTime:0.0070s ]
SQL: SELECT * FROM `tol_lm` WHERE `fid` = 0  [ RunTime:0.0010s ]
SQL: SELECT * FROM `tol_lm` WHERE `id_lm` = 33 LIMIT 1   [ RunTime:0.0000s ]
INFO: [ view_parse ] --START--
INFO: [ template_filter ] --START--
INFO: Run Behavior\ContentReplaceBehavior [ RunTime:0.001000s ]
INFO: [ template_filter ] --END-- [ RunTime:0.001000s ]
SQL: SHOW COLUMNS FROM `tol_lm` [ RunTime:0.0070s ]
SQL: SELECT * FROM `tol_lm` WHERE `fid` = 23 ORDER BY px  [ RunTime:0.0010s ]
SQL: SELECT * FROM `tol_lm` WHERE `fid` = 24 ORDER BY px  [ RunTime:0.0010s ]
SQL: SELECT * FROM `tol_lm` WHERE `fid` = 25 ORDER BY px  [ RunTime:0.0010s ]
SQL: SELECT * FROM `tol_lm` WHERE `fid` = 26 ORDER BY px  [ RunTime:0.0000s ]
SQL: SELECT * FROM `tol_lm` WHERE `fid` = 27 ORDER BY px  [ RunTime:0.0010s ]
INFO: Run Behavior\ParseTemplateBehavior [ RunTime:0.054003s ]
INFO: [ view_parse ] --END-- [ RunTime:0.054003s ]
INFO: [ view_filter ] --START--
INFO: Run Behavior\WriteHtmlCacheBehavior [ RunTime:0.001000s ]
INFO: [ view_filter ] --END-- [ RunTime:0.001000s ]
INFO: [ app_end ] --START--
INFO: Run Behavior\ShowPageTraceBehavior [ RunTime:0.001000s ]
INFO: [ app_end ] --END-- [ RunTime:0.002000s ]

[ 2017-06-22T18:00:40+08:00 ] 127.0.0.1 /index.php/Home/DataCat/update.html
INFO: [ app_init ] --START--
INFO: Run Behavior\BuildLiteBehavior [ RunTime:0.000000s ]
INFO: [ app_init ] --END-- [ RunTime:0.002000s ]
INFO: [ app_begin ] --START--
INFO: Run Behavior\ReadHtmlCacheBehavior [ RunTime:0.002000s ]
INFO: [ app_begin ] --END-- [ RunTime:0.002000s ]
SQL: SHOW COLUMNS FROM `tol_lm` [ RunTime:0.0070s ]
NOTIC: [8] Undefined index: validate E:\wamp\www\thinkphp3.2\ThinkPHP\Library\Think\Model.class.php 第 1185 行.
NOTIC: [8] Undefined index: auto E:\wamp\www\thinkphp3.2\ThinkPHP\Library\Think\Model.class.php 第 1128 行.
SQL: UPDATE `tol_lm` SET `fid`='23',`title_lm`='公司简介',`px`='100' WHERE `id_lm` = 33 [ RunTime:0.0030s ]
INFO: [ view_parse ] --START--
INFO: [ template_filter ] --START--
INFO: Run Behavior\ContentReplaceBehavior [ RunTime:0.000000s ]
INFO: [ template_filter ] --END-- [ RunTime:0.001000s ]
INFO: Run Behavior\ParseTemplateBehavior [ RunTime:0.019001s ]
INFO: [ view_parse ] --END-- [ RunTime:0.019001s ]
INFO: [ view_filter ] --START--
INFO: Run Behavior\WriteHtmlCacheBehavior [ RunTime:0.001000s ]
INFO: [ view_filter ] --END-- [ RunTime:0.002000s ]
INFO: [ app_end ] --START--
INFO: Run Behavior\ShowPageTraceBehavior [ RunTime:0.010001s ]
INFO: [ app_end ] --END-- [ RunTime:0.010001s ]

[ 2017-06-22T18:00:41+08:00 ] 127.0.0.1 /index.php/Home/DataCat/index.html
INFO: [ app_init ] --START--
INFO: Run Behavior\BuildLiteBehavior [ RunTime:0.000000s ]
INFO: [ app_init ] --END-- [ RunTime:0.002000s ]
INFO: [ app_begin ] --START--
INFO: Run Behavior\ReadHtmlCacheBehavior [ RunTime:0.002000s ]
INFO: [ app_begin ] --END-- [ RunTime:0.003000s ]
SQL: SHOW COLUMNS FROM `tol_lm` [ RunTime:0.0090s ]
SQL: SELECT * FROM `tol_lm` WHERE `fid` = 0 ORDER BY px  [ RunTime:0.0010s ]
INFO: [ view_parse ] --START--
INFO: [ template_filter ] --START--
INFO: Run Behavior\ContentReplaceBehavior [ RunTime:0.000000s ]
INFO: [ template_filter ] --END-- [ RunTime:0.000000s ]
SQL: SHOW COLUMNS FROM `tol_lm` [ RunTime:0.0110s ]
SQL: SELECT * FROM `tol_lm` WHERE `fid` = 23 ORDER BY px  [ RunTime:0.0020s ]
SQL: SELECT * FROM `tol_lm` WHERE `fid` = 24 ORDER BY px  [ RunTime:0.0010s ]
SQL: SELECT * FROM `tol_lm` WHERE `fid` = 25 ORDER BY px  [ RunTime:0.0000s ]
SQL: SELECT * FROM `tol_lm` WHERE `fid` = 26 ORDER BY px  [ RunTime:0.0010s ]
SQL: SELECT * FROM `tol_lm` WHERE `fid` = 27 ORDER BY px  [ RunTime:0.0010s ]
INFO: Run Behavior\ParseTemplateBehavior [ RunTime:0.070004s ]
INFO: [ view_parse ] --END-- [ RunTime:0.070004s ]
INFO: [ view_filter ] --START--
INFO: Run Behavior\WriteHtmlCacheBehavior [ RunTime:0.001000s ]
INFO: [ view_filter ] --END-- [ RunTime:0.003000s ]
INFO: [ app_end ] --START--
INFO: Run Behavior\ShowPageTraceBehavior [ RunTime:0.002000s ]
INFO: [ app_end ] --END-- [ RunTime:0.003000s ]

[ 2017-06-22T18:03:32+08:00 ] 127.0.0.1 /
INFO: [ app_init ] --START--
INFO: Run Behavior\BuildLiteBehavior [ RunTime:0.001000s ]
INFO: [ app_init ] --END-- [ RunTime:0.001000s ]
INFO: [ app_begin ] --START--
INFO: Run Behavior\ReadHtmlCacheBehavior [ RunTime:0.003001s ]
INFO: [ app_begin ] --END-- [ RunTime:0.003001s ]
INFO: [ view_parse ] --START--
INFO: [ template_filter ] --START--
INFO: Run Behavior\ContentReplaceBehavior [ RunTime:0.001000s ]
INFO: [ template_filter ] --END-- [ RunTime:0.001000s ]
INFO: Run Behavior\ParseTemplateBehavior [ RunTime:0.023001s ]
INFO: [ view_parse ] --END-- [ RunTime:0.024001s ]
INFO: [ view_filter ] --START--
INFO: Run Behavior\WriteHtmlCacheBehavior [ RunTime:0.001000s ]
INFO: [ view_filter ] --END-- [ RunTime:0.001000s ]
INFO: [ app_end ] --START--
INFO: Run Behavior\ShowPageTraceBehavior [ RunTime:0.001000s ]
INFO: [ app_end ] --END-- [ RunTime:0.002001s ]

[ 2017-06-22T18:03:34+08:00 ] 127.0.0.1 /index.php/Home/DataCat/index.html
INFO: [ app_init ] --START--
INFO: Run Behavior\BuildLiteBehavior [ RunTime:0.000000s ]
INFO: [ app_init ] --END-- [ RunTime:0.001000s ]
INFO: [ app_begin ] --START--
INFO: Run Behavior\ReadHtmlCacheBehavior [ RunTime:0.002000s ]
INFO: [ app_begin ] --END-- [ RunTime:0.002000s ]
SQL: SHOW COLUMNS FROM `tol_lm` [ RunTime:0.0080s ]
SQL: SELECT * FROM `tol_lm` WHERE `fid` = 0 ORDER BY px  [ RunTime:0.0020s ]
INFO: [ view_parse ] --START--
INFO: [ template_filter ] --START--
INFO: Run Behavior\ContentReplaceBehavior [ RunTime:0.001000s ]
INFO: [ template_filter ] --END-- [ RunTime:0.001000s ]
SQL: SHOW COLUMNS FROM `tol_lm` [ RunTime:0.0070s ]
SQL: SELECT * FROM `tol_lm` WHERE `fid` = 23 ORDER BY px  [ RunTime:0.0010s ]
SQL: SELECT * FROM `tol_lm` WHERE `fid` = 24 ORDER BY px  [ RunTime:0.0010s ]
SQL: SELECT * FROM `tol_lm` WHERE `fid` = 25 ORDER BY px  [ RunTime:0.0010s ]
SQL: SELECT * FROM `tol_lm` WHERE `fid` = 26 ORDER BY px  [ RunTime:0.0010s ]
SQL: SELECT * FROM `tol_lm` WHERE `fid` = 27 ORDER BY px  [ RunTime:0.0020s ]
INFO: Run Behavior\ParseTemplateBehavior [ RunTime:0.070004s ]
INFO: [ view_parse ] --END-- [ RunTime:0.070004s ]
INFO: [ view_filter ] --START--
INFO: Run Behavior\WriteHtmlCacheBehavior [ RunTime:0.001000s ]
INFO: [ view_filter ] --END-- [ RunTime:0.002000s ]
INFO: [ app_end ] --START--
INFO: Run Behavior\ShowPageTraceBehavior [ RunTime:0.002000s ]
INFO: [ app_end ] --END-- [ RunTime:0.002000s ]

[ 2017-06-22T18:03:37+08:00 ] 127.0.0.1 /index.php/Home/DataCat/delete/id/25.html
INFO: [ app_init ] --START--
INFO: Run Behavior\BuildLiteBehavior [ RunTime:0.000000s ]
INFO: [ app_init ] --END-- [ RunTime:0.001000s ]
INFO: [ app_begin ] --START--
INFO: Run Behavior\ReadHtmlCacheBehavior [ RunTime:0.002000s ]
INFO: [ app_begin ] --END-- [ RunTime:0.002000s ]
SQL: SHOW COLUMNS FROM `tol_lm` [ RunTime:0.0070s ]
SQL: DELETE FROM `tol_lm` WHERE `id_lm` = 25 [ RunTime:0.0010s ]
INFO: [ view_parse ] --START--
INFO: [ template_filter ] --START--
INFO: Run Behavior\ContentReplaceBehavior [ RunTime:0.000000s ]
INFO: [ template_filter ] --END-- [ RunTime:0.001000s ]
INFO: Run Behavior\ParseTemplateBehavior [ RunTime:0.018001s ]
INFO: [ view_parse ] --END-- [ RunTime:0.019002s ]
INFO: [ view_filter ] --START--
INFO: Run Behavior\WriteHtmlCacheBehavior [ RunTime:0.001000s ]
INFO: [ view_filter ] --END-- [ RunTime:0.001000s ]
INFO: [ app_end ] --START--
INFO: Run Behavior\ShowPageTraceBehavior [ RunTime:0.001000s ]
INFO: [ app_end ] --END-- [ RunTime:0.002000s ]

[ 2017-06-22T18:03:39+08:00 ] 127.0.0.1 /index.php/Home/DataCat/index.html
INFO: [ app_init ] --START--
INFO: Run Behavior\BuildLiteBehavior [ RunTime:0.000000s ]
INFO: [ app_init ] --END-- [ RunTime:0.001001s ]
INFO: [ app_begin ] --START--
INFO: Run Behavior\ReadHtmlCacheBehavior [ RunTime:0.001000s ]
INFO: [ app_begin ] --END-- [ RunTime:0.002000s ]
SQL: SHOW COLUMNS FROM `tol_lm` [ RunTime:0.0090s ]
SQL: SELECT * FROM `tol_lm` WHERE `fid` = 0 ORDER BY px  [ RunTime:0.0010s ]
INFO: [ view_parse ] --START--
INFO: [ template_filter ] --START--
INFO: Run Behavior\ContentReplaceBehavior [ RunTime:0.000000s ]
INFO: [ template_filter ] --END-- [ RunTime:0.001000s ]
SQL: SHOW COLUMNS FROM `tol_lm` [ RunTime:0.0070s ]
SQL: SELECT * FROM `tol_lm` WHERE `fid` = 23 ORDER BY px  [ RunTime:0.0020s ]
SQL: SELECT * FROM `tol_lm` WHERE `fid` = 24 ORDER BY px  [ RunTime:0.0010s ]
SQL: SELECT * FROM `tol_lm` WHERE `fid` = 26 ORDER BY px  [ RunTime:0.0010s ]
SQL: SELECT * FROM `tol_lm` WHERE `fid` = 27 ORDER BY px  [ RunTime:0.0010s ]
INFO: Run Behavior\ParseTemplateBehavior [ RunTime:0.061004s ]
INFO: [ view_parse ] --END-- [ RunTime:0.061004s ]
INFO: [ view_filter ] --START--
INFO: Run Behavior\WriteHtmlCacheBehavior [ RunTime:0.001000s ]
INFO: [ view_filter ] --END-- [ RunTime:0.001000s ]
INFO: [ app_end ] --START--
INFO: Run Behavior\ShowPageTraceBehavior [ RunTime:0.001000s ]
INFO: [ app_end ] --END-- [ RunTime:0.001000s ]

[ 2017-06-22T18:03:59+08:00 ] 127.0.0.1 /index.php/Home/DataCat/index.html
INFO: [ app_init ] --START--
INFO: Run Behavior\BuildLiteBehavior [ RunTime:0.000000s ]
INFO: [ app_init ] --END-- [ RunTime:0.001000s ]
INFO: [ app_begin ] --START--
INFO: Run Behavior\ReadHtmlCacheBehavior [ RunTime:0.001000s ]
INFO: [ app_begin ] --END-- [ RunTime:0.002000s ]
SQL: SHOW COLUMNS FROM `tol_lm` [ RunTime:0.0070s ]
SQL: SELECT * FROM `tol_lm` WHERE `fid` = 0 ORDER BY px  [ RunTime:0.0010s ]
INFO: [ view_parse ] --START--
INFO: [ template_filter ] --START--
INFO: Run Behavior\ContentReplaceBehavior [ RunTime:0.000000s ]
INFO: [ template_filter ] --END-- [ RunTime:0.001000s ]
SQL: SHOW COLUMNS FROM `tol_lm` [ RunTime:0.0080s ]
SQL: SELECT * FROM `tol_lm` WHERE `fid` = 23 ORDER BY px  [ RunTime:0.0020s ]
SQL: SELECT * FROM `tol_lm` WHERE `fid` = 24 ORDER BY px  [ RunTime:0.0010s ]
SQL: SELECT * FROM `tol_lm` WHERE `fid` = 26 ORDER BY px  [ RunTime:0.0010s ]
SQL: SELECT * FROM `tol_lm` WHERE `fid` = 27 ORDER BY px  [ RunTime:0.0000s ]
INFO: Run Behavior\ParseTemplateBehavior [ RunTime:0.061004s ]
INFO: [ view_parse ] --END-- [ RunTime:0.062004s ]
INFO: [ view_filter ] --START--
INFO: Run Behavior\WriteHtmlCacheBehavior [ RunTime:0.002000s ]
INFO: [ view_filter ] --END-- [ RunTime:0.002000s ]
INFO: [ app_end ] --START--
INFO: Run Behavior\ShowPageTraceBehavior [ RunTime:0.002000s ]
INFO: [ app_end ] --END-- [ RunTime:0.002000s ]

[ 2017-06-22T18:05:13+08:00 ] 127.0.0.1 /index.php/Home/DataCon/index.html
INFO: [ app_init ] --START--
INFO: Run Behavior\BuildLiteBehavior [ RunTime:0.000000s ]
INFO: [ app_init ] --END-- [ RunTime:0.002000s ]
INFO: [ app_begin ] --START--
INFO: Run Behavior\ReadHtmlCacheBehavior [ RunTime:0.001000s ]
INFO: [ app_begin ] --END-- [ RunTime:0.002000s ]
INFO: [ view_parse ] --START--
INFO: [ template_filter ] --START--
INFO: Run Behavior\ContentReplaceBehavior [ RunTime:0.000000s ]
INFO: [ template_filter ] --END-- [ RunTime:0.001000s ]
INFO: Run Behavior\ParseTemplateBehavior [ RunTime:0.018001s ]
INFO: [ view_parse ] --END-- [ RunTime:0.019001s ]
INFO: [ view_filter ] --START--
INFO: Run Behavior\WriteHtmlCacheBehavior [ RunTime:0.001000s ]
INFO: [ view_filter ] --END-- [ RunTime:0.001000s ]
INFO: [ app_end ] --START--
INFO: Run Behavior\ShowPageTraceBehavior [ RunTime:0.002000s ]
INFO: [ app_end ] --END-- [ RunTime:0.002000s ]

[ 2017-06-22T18:05:14+08:00 ] 127.0.0.1 /index.php/Home/DataCon/index.html
INFO: [ app_init ] --START--
INFO: Run Behavior\BuildLiteBehavior [ RunTime:0.000000s ]
INFO: [ app_init ] --END-- [ RunTime:0.001000s ]
INFO: [ app_begin ] --START--
INFO: Run Behavior\ReadHtmlCacheBehavior [ RunTime:0.001000s ]
INFO: [ app_begin ] --END-- [ RunTime:0.001000s ]
INFO: [ view_parse ] --START--
INFO: [ template_filter ] --START--
INFO: Run Behavior\ContentReplaceBehavior [ RunTime:0.001000s ]
INFO: [ template_filter ] --END-- [ RunTime:0.001000s ]
INFO: Run Behavior\ParseTemplateBehavior [ RunTime:0.018001s ]
INFO: [ view_parse ] --END-- [ RunTime:0.018001s ]
INFO: [ view_filter ] --START--
INFO: Run Behavior\WriteHtmlCacheBehavior [ RunTime:0.001000s ]
INFO: [ view_filter ] --END-- [ RunTime:0.002000s ]
INFO: [ app_end ] --START--
INFO: Run Behavior\ShowPageTraceBehavior [ RunTime:0.001000s ]
INFO: [ app_end ] --END-- [ RunTime:0.002000s ]

[ 2017-06-22T18:05:14+08:00 ] 127.0.0.1 /index.php/Home/DataCon/index.html
INFO: [ app_init ] --START--
INFO: Run Behavior\BuildLiteBehavior [ RunTime:0.000000s ]
INFO: [ app_init ] --END-- [ RunTime:0.001000s ]
INFO: [ app_begin ] --START--
INFO: Run Behavior\ReadHtmlCacheBehavior [ RunTime:0.001000s ]
INFO: [ app_begin ] --END-- [ RunTime:0.002000s ]
INFO: [ view_parse ] --START--
INFO: [ template_filter ] --START--
INFO: Run Behavior\ContentReplaceBehavior [ RunTime:0.001000s ]
INFO: [ template_filter ] --END-- [ RunTime:0.001000s ]
INFO: Run Behavior\ParseTemplateBehavior [ RunTime:0.015001s ]
INFO: [ view_parse ] --END-- [ RunTime:0.015001s ]
INFO: [ view_filter ] --START--
INFO: Run Behavior\WriteHtmlCacheBehavior [ RunTime:0.001000s ]
INFO: [ view_filter ] --END-- [ RunTime:0.002000s ]
INFO: [ app_end ] --START--
INFO: Run Behavior\ShowPageTraceBehavior [ RunTime:0.002000s ]
INFO: [ app_end ] --END-- [ RunTime:0.002000s ]

